  BaseTank.cpp
e:\github work\aicourse\gameai\gameai\basetank.cpp(872): warning C4244: 'argument': conversion from 'double' to 'float', possible loss of data
  Collisions.cpp
  ControlledTank.cpp
  DumbTank.cpp
  GameObject.cpp
  GameScreenLevel1.cpp
  GameScreenManager.cpp
  LevelMap.cpp
  ObstacleManager.cpp
  PickUpManager.cpp
  Projectile.cpp
  ProjectileManager.cpp
  Source.cpp
  C016193GTank.cpp
  TankManager.cpp
  Texture2D.cpp
  Waypoint.cpp
  WaypointManager.cpp
  Generating Code...
  GameAI.vcxproj -> E:\Github Work\AICourse\GameAI\Debug\GameAI.exe
